c:\users\gametogo\desktop\oopcourse851\game\release\game.pch
c:\users\gametogo\desktop\oopcourse851\game\release\vc141.pdb
c:\users\gametogo\desktop\oopcourse851\game\release\stdafx.obj
c:\users\gametogo\desktop\oopcourse851\game\release\map1_1.obj
c:\users\gametogo\desktop\oopcourse851\game\release\itemattribute.obj
c:\users\gametogo\desktop\oopcourse851\game\release\item.obj
c:\users\gametogo\desktop\oopcourse851\game\release\icebird.obj
c:\users\gametogo\desktop\oopcourse851\game\release\hero.obj
c:\users\gametogo\desktop\oopcourse851\game\release\health.obj
c:\users\gametogo\desktop\oopcourse851\game\release\greenslime.obj
c:\users\gametogo\desktop\oopcourse851\game\release\greengoblin.obj
c:\users\gametogo\desktop\oopcourse851\game\release\enemy.obj
c:\users\gametogo\desktop\oopcourse851\game\release\clock.obj
c:\users\gametogo\desktop\oopcourse851\game\release\character.obj
c:\users\gametogo\desktop\oopcourse851\game\release\box.obj
c:\users\gametogo\desktop\oopcourse851\game\release\bossbloodbar.obj
c:\users\gametogo\desktop\oopcourse851\game\release\blueslime.obj
c:\users\gametogo\desktop\oopcourse851\game\release\bluegoblin.obj
c:\users\gametogo\desktop\oopcourse851\game\release\bloodbar.obj
c:\users\gametogo\desktop\oopcourse851\game\release\audio.obj
c:\users\gametogo\desktop\oopcourse851\game\release\attack.obj
c:\users\gametogo\desktop\oopcourse851\game\release\arrow.obj
c:\users\gametogo\desktop\oopcourse851\game\release\aboss.obj
c:\users\gametogo\desktop\oopcourse851\game\release\shoe.obj
c:\users\gametogo\desktop\oopcourse851\game\release\scarecrow.obj
c:\users\gametogo\desktop\oopcourse851\game\release\redslime.obj
c:\users\gametogo\desktop\oopcourse851\game\release\redgoblin.obj
c:\users\gametogo\desktop\oopcourse851\game\release\randomattribute.obj
c:\users\gametogo\desktop\oopcourse851\game\release\protectivecover.obj
c:\users\gametogo\desktop\oopcourse851\game\release\potion.obj
c:\users\gametogo\desktop\oopcourse851\game\release\playerstatus.obj
c:\users\gametogo\desktop\oopcourse851\game\release\maps.obj
c:\users\gametogo\desktop\oopcourse851\game\release\map2_4.obj
c:\users\gametogo\desktop\oopcourse851\game\release\map2_3.obj
c:\users\gametogo\desktop\oopcourse851\game\release\map2_2.obj
c:\users\gametogo\desktop\oopcourse851\game\release\map2_1.obj
c:\users\gametogo\desktop\oopcourse851\game\release\map1_4.obj
c:\users\gametogo\desktop\oopcourse851\game\release\map1_3.obj
c:\users\gametogo\desktop\oopcourse851\game\release\map1_2.obj
c:\users\gametogo\desktop\oopcourse851\game\release\mainfrm.obj
c:\users\gametogo\desktop\oopcourse851\game\release\gameview.obj
c:\users\gametogo\desktop\oopcourse851\game\release\gamedoc.obj
c:\users\gametogo\desktop\oopcourse851\game\release\game.obj
c:\users\gametogo\desktop\oopcourse851\game\release\mygame.obj
c:\users\gametogo\desktop\oopcourse851\game\release\gamelib.obj
c:\users\gametogo\desktop\oopcourse851\game\release\gtest.pdb
c:\users\gametogo\desktop\oopcourse851\game\release\gtest_main.pdb
c:\users\gametogo\desktop\oopcourse851\game\release\game.exe
c:\users\gametogo\desktop\oopcourse851\game\release\game.pdb
c:\users\gametogo\desktop\oopcourse851\game\release\game.res
c:\users\gametogo\desktop\oopcourse851\game\.\release\game.exe
c:\users\gametogo\desktop\oopcourse851\game\release\game.tlog\cl.command.1.tlog
c:\users\gametogo\desktop\oopcourse851\game\release\game.tlog\cl.read.1.tlog
c:\users\gametogo\desktop\oopcourse851\game\release\game.tlog\cl.write.1.tlog
c:\users\gametogo\desktop\oopcourse851\game\release\game.tlog\game.write.1u.tlog
c:\users\gametogo\desktop\oopcourse851\game\release\game.tlog\link.command.1.tlog
c:\users\gametogo\desktop\oopcourse851\game\release\game.tlog\link.read.1.tlog
c:\users\gametogo\desktop\oopcourse851\game\release\game.tlog\link.write.1.tlog
c:\users\gametogo\desktop\oopcourse851\game\release\game.tlog\rc.command.1.tlog
c:\users\gametogo\desktop\oopcourse851\game\release\game.tlog\rc.read.1.tlog
c:\users\gametogo\desktop\oopcourse851\game\release\game.tlog\rc.write.1.tlog
