  StdAfx.cpp
  ABoss.cpp
  Arrow.cpp
  Attack.cpp
  audio.cpp
  BloodBar.cpp
  BlueGoblin.cpp
  BlueSlime.cpp
  BossBloodBar.cpp
  Box.cpp
  Character.cpp
  Clock.cpp
  Enemy.cpp
  GreenGoblin.cpp
  GreenSlime.cpp
  Health.cpp
  Hero.cpp
  IceBird.cpp
  Item.cpp
  ItemAttribute.cpp
  Map1_1.cpp
  正在產生程式碼...
  正在編譯...
  game.cpp
  gameDoc.cpp
  gameView.cpp
  MainFrm.cpp
  Map1_2.cpp
  Map1_3.cpp
  Map1_4.cpp
  Map2_1.cpp
  Map2_2.cpp
  Map2_3.cpp
  Map2_4.cpp
  Maps.cpp
  PlayerStatus.cpp
  Potion.cpp
  ProtectiveCover.cpp
  RandomAttribute.cpp
  RedGoblin.cpp
  RedSlime.cpp
  Scarecrow.cpp
  Shoe.cpp
  正在產生程式碼...
  正在編譯...
  gamelib.cpp
  mygame.cpp
  正在產生程式碼...
  game.vcxproj -> C:\Users\GameToGo\Desktop\oopcourse851\game\.\Release\game.exe
